2025-10-09 09:40:07, MOVE, v:1, k:poo@roupa, mode:PICK
2025-10-09 09:40:08, EXEC, v:1, k:poo@roupa, mode:FULL, rate:0, size:33
2025-10-09 09:41:43, EXEC, v:1, k:poo@roupa, mode:FULL, rate:0, size:32
2025-10-09 09:43:12, EXEC, v:1, k:poo@roupa, mode:FULL, rate:0, size:30
2025-10-09 09:44:57, MOVE, v:1, k:poo@roupa, mode:PICK
2025-10-09 09:44:57, EXEC, v:1, k:poo@roupa, mode:FULL, rate:0
2025-10-09 09:45:42, EXEC, v:1, k:poo@roupa, mode:FULL, rate:0, size:30
2025-10-09 09:48:03, EXEC, v:1, k:poo@roupa, mode:FULL, rate:0, size:31
2025-10-09 09:52:41, MOVE, v:1, k:poo@roupa, mode:PICK
2025-10-09 09:52:42, EXEC, v:1, k:poo@roupa, mode:FULL, rate:0, size:30
2025-10-09 09:52:49, MOVE, v:1, k:poo@roupa, mode:BACK
2025-10-09 10:43:13, MOVE, v:1, k:poo@roupa, mode:PICK
2025-10-09 10:44:27, MOVE, v:1, k:poo@roupa, mode:PICK
2025-10-09 10:44:27, EXEC, v:1, k:poo@roupa, mode:FULL, rate:0, size:30
2025-10-09 10:47:43, MOVE, v:1, k:poo@roupa, mode:PICK
2025-10-09 10:47:44, EXEC, v:1, k:poo@roupa, mode:FULL, rate:0, size:36
2025-10-09 10:48:00, MOVE, v:1, k:poo@roupa, mode:BACK
2025-10-09 10:48:16, MOVE, v:1, k:poo@roupa, mode:PICK
2025-10-09 10:48:16, EXEC, v:1, k:poo@roupa, mode:FULL, rate:0, size:36
2025-10-09 14:06:45, MOVE, v:1, k:poo@roupa, mode:PICK
2025-10-09 14:08:12, MOVE, v:1, k:poo@roupa, mode:PICK
2025-10-09 14:08:13, EXEC, v:1, k:poo@roupa, mode:FULL, rate:0
2025-10-09 14:10:02, EXEC, v:1, k:poo@roupa, mode:FULL, rate:0, size:35
2025-10-09 14:10:06, EXEC, v:1, k:poo@roupa, mode:FREE
2025-10-09 14:10:42, EXEC, v:1, k:poo@roupa, mode:FULL, rate:0, size:35
2025-10-09 14:11:30, MOVE, v:1, k:poo@roupa, mode:PICK
2025-10-09 14:11:41, MOVE, v:1, k:poo@roupa, mode:PICK
2025-10-09 14:11:41, EXEC, v:1, k:poo@roupa, mode:FULL, rate:0
2025-10-09 14:12:06, EXEC, v:1, k:poo@roupa, mode:FREE
2025-10-09 14:12:26, MOVE, v:1, k:poo@roupa, mode:BACK
2025-10-09 14:13:50, MOVE, v:1, k:poo@roupa, mode:PICK
2025-10-09 14:13:51, EXEC, v:1, k:poo@roupa, mode:FULL, rate:0, size:35
2025-10-09 14:14:34, MOVE, v:1, k:poo@roupa, mode:BACK
2025-10-09 14:14:35, MOVE, v:1, k:poo@roupa, mode:PICK
2025-10-09 14:14:35, EXEC, v:1, k:poo@roupa, mode:FREE
2025-10-09 14:15:36, EXEC, v:1, k:poo@roupa, mode:FULL, rate:0, size:37
2025-10-09 14:16:42, MOVE, v:1, k:poo@roupa, mode:BACK
2025-10-09 14:16:48, MOVE, v:1, k:poo@roupa, mode:PICK
2025-10-09 14:16:49, EXEC, v:1, k:poo@roupa, mode:FULL, rate:0
2025-10-09 14:16:54, MOVE, v:1, k:poo@roupa, mode:BACK
2025-10-09 14:17:02, MOVE, v:1, k:poo@roupa, mode:PICK
2025-10-09 14:19:55, MOVE, v:1, k:poo@roupa, mode:PICK
2025-10-09 14:19:55, EXEC, v:1, k:poo@roupa, mode:FULL, rate:0
2025-10-09 14:20:22, EXEC, v:1, k:poo@roupa, mode:FULL, rate:100, size:37
2025-10-09 14:21:20, MOVE, v:1, k:poo@roupa, mode:BACK
2025-10-09 14:25:05, SELF, v:1, k:poo@roupa, rate:100, human:_, alone:10, study:30
