2025-10-14 13:30:48, MOVE, v:1, k:poo@relogio, mode:PICK
2025-10-14 13:30:52, EXEC, v:1, k:poo@relogio, mode:FULL, rate:69
2025-10-14 13:31:47, MOVE, v:1, k:poo@relogio, mode:BACK
2025-10-14 13:31:59, MOVE, v:1, k:poo@roupa, mode:PICK
2025-10-14 13:32:00, EXEC, v:1, k:poo@roupa, mode:FULL, rate:100
2025-10-14 13:32:01, MOVE, v:1, k:poo@roupa, mode:BACK
2025-10-14 13:47:50, MOVE, v:1, k:poo@relogio, mode:PICK
2025-10-14 13:47:54, EXEC, v:1, k:poo@relogio, mode:FULL, rate:69
2025-10-14 13:50:02, EXEC, v:1, k:poo@relogio, mode:FULL, rate:84, size:73
2025-10-14 13:52:20, EXEC, v:1, k:poo@relogio, mode:FULL, rate:92
2025-10-14 13:52:56, EXEC, v:1, k:poo@relogio, mode:FULL, rate:92
2025-10-14 13:57:27, MOVE, v:1, k:poo@relogio, mode:BACK
2025-10-14 13:58:58, MOVE, v:1, k:poo@relogio, mode:PICK
2025-10-14 13:59:02, EXEC, v:1, k:poo@relogio, mode:FULL, rate:84
2025-10-14 14:02:01, EXEC, v:1, k:poo@relogio, mode:FULL, rate:0, size:75
2025-10-14 14:02:19, EXEC, v:1, k:poo@relogio, mode:FULL, rate:0, size:75
2025-10-14 14:05:07, EXEC, v:1, k:poo@relogio, mode:FULL, rate:0, size:75
2025-10-14 14:05:09, EXEC, v:1, k:poo@relogio, mode:FULL, rate:0
2025-10-14 14:05:20, EXEC, v:1, k:poo@relogio, mode:FULL, rate:84, size:76
2025-10-14 14:05:59, EXEC, v:1, k:poo@relogio, mode:FULL, rate:0, size:76
2025-10-14 14:06:14, EXEC, v:1, k:poo@relogio, mode:FULL, rate:84, size:76
2025-10-14 14:06:33, EXEC, v:1, k:poo@relogio, mode:FULL, rate:84, size:76
2025-10-14 14:07:16, EXEC, v:1, k:poo@relogio, mode:FULL, rate:53, size:77
2025-10-14 14:07:29, EXEC, v:1, k:poo@relogio, mode:FULL, rate:84, size:76
2025-10-14 14:07:49, EXEC, v:1, k:poo@relogio, mode:FULL, rate:0, size:76
2025-10-14 14:08:26, EXEC, v:1, k:poo@relogio, mode:FULL, rate:0, size:76
2025-10-14 14:08:58, EXEC, v:1, k:poo@relogio, mode:FULL, rate:0, size:76
2025-10-14 14:09:19, EXEC, v:1, k:poo@relogio, mode:FULL, rate:84, size:76
2025-10-14 14:17:23, EXEC, v:1, k:poo@relogio, mode:FULL, rate:23, size:78
2025-10-14 14:17:54, EXEC, v:1, k:poo@relogio, mode:FULL, rate:92, size:78
2025-10-14 14:22:05, EXEC, v:1, k:poo@relogio, mode:FULL, rate:84, size:76
2025-10-14 14:23:56, EXEC, v:1, k:poo@relogio, mode:FULL, rate:92, size:81
2025-10-14 14:27:50, MOVE, v:1, k:poo@relogio, mode:BACK
2025-10-14 14:28:01, MOVE, v:1, k:poo@motoca, mode:DOWN
