2025-10-23 10:04:34, MOVE, v:1, k:poo@grafite, mode:PICK
2025-10-23 10:04:41, EXEC, v:1, k:poo@grafite, mode:FULL, rate:70, size:110
2025-10-23 10:05:43, MOVE, v:1, k:poo@grafite, mode:BACK
2025-10-23 10:33:07, MOVE, v:1, k:poo@grafite, mode:PICK
2025-10-23 10:33:10, EXEC, v:1, k:poo@grafite, mode:FULL, rate:70, size:116
2025-10-23 10:33:49, MOVE, v:1, k:poo@grafite, mode:BACK
2025-10-23 10:38:22, MOVE, v:1, k:poo@grafite, mode:PICK
2025-10-23 10:38:26, EXEC, v:1, k:poo@grafite, mode:FULL, rate:70
2025-10-23 10:39:31, MOVE, v:1, k:poo@grafite, mode:BACK
2025-10-23 11:09:26, MOVE, v:1, k:poo@motouber, mode:PICK
2025-10-23 11:09:29, EXEC, v:1, k:poo@motouber, mode:FULL, rate:12, size:111
2025-10-23 11:09:51, MOVE, v:1, k:poo@motouber, mode:BACK
2025-10-23 11:12:00, MOVE, v:1, k:poo@motouber, mode:PICK
2025-10-23 11:12:03, EXEC, v:1, k:poo@motouber, mode:FULL, rate:12
2025-10-23 11:12:41, MOVE, v:1, k:poo@motouber, mode:BACK
2025-10-23 11:14:49, MOVE, v:1, k:poo@motouber, mode:PICK
2025-10-23 11:14:52, EXEC, v:1, k:poo@motouber, mode:FULL, rate:12, size:111
2025-10-23 11:15:05, MOVE, v:1, k:poo@motouber, mode:BACK
2025-10-23 11:20:35, MOVE, v:1, k:poo@motouber, mode:PICK
2025-10-23 11:20:38, EXEC, v:1, k:poo@motouber, mode:FULL, rate:12, size:111
2025-10-23 11:23:42, EXEC, v:1, k:poo@motouber, mode:FULL, rate:87, size:111
2025-10-23 11:25:39, EXEC, v:1, k:poo@motouber, mode:FULL, rate:87, size:112
2025-10-23 11:25:49, MOVE, v:1, k:poo@motouber, mode:BACK
2025-10-23 11:26:25, MOVE, v:1, k:poo@motouber, mode:PICK
2025-10-23 11:26:28, EXEC, v:1, k:poo@motouber, mode:FULL, rate:100, size:112
2025-10-23 11:26:37, EXEC, v:1, k:poo@motouber, mode:FULL, rate:100
2025-10-23 11:26:38, MOVE, v:1, k:poo@motouber, mode:BACK
2025-10-23 11:26:49, SELF, v:1, k:poo@motouber, rate:100, human:_, iagen:_, alone:10, study:50
2025-10-23 11:28:33, SELF, v:1, k:poo@grafite, rate:70, human:_, iagen:_, alone:10, study:50
