2025-10-22 08:37:09, MOVE, v:1, k:poo@motoca, mode:PICK
2025-10-22 08:37:15, EXEC, v:1, k:poo@motoca, mode:FULL, rate:66
2025-10-22 08:39:57, EXEC, v:1, k:poo@motoca, mode:FULL, rate:73, size:114
2025-10-22 08:41:24, EXEC, v:1, k:poo@motoca, mode:FULL, rate:80, size:116
2025-10-22 08:45:14, EXEC, v:1, k:poo@motoca, mode:FULL, rate:93, size:116
2025-10-22 08:46:26, EXEC, v:1, k:poo@motoca, mode:FULL, rate:100, size:117
2025-10-22 08:46:30, MOVE, v:1, k:poo@motoca, mode:BACK
2025-10-22 08:47:15, SELF, v:1, k:poo@motoca, rate:100, human:_, iagen:_, guide:_, alone:10, study:60
2025-10-22 08:47:27, MOVE, v:1, k:poo@motouber, mode:DOWN
2025-10-22 14:52:03, MOVE, v:1, k:poo@grafite, mode:PICK
2025-10-22 14:52:04, EXEC, v:1, k:poo@grafite, mode:FREE, size:63
2025-10-22 15:03:59, MOVE, v:1, k:poo@grafite, mode:BACK
2025-10-22 16:42:48, MOVE, v:1, k:poo@grafite, mode:PICK
2025-10-22 16:42:49, EXEC, v:1, k:poo@grafite, mode:FULL, rate:0, size:115
2025-10-22 16:43:15, EXEC, v:1, k:poo@grafite, mode:FULL, rate:0, size:115
2025-10-22 16:46:09, MOVE, v:1, k:poo@grafite, mode:PICK
2025-10-22 16:51:05, MOVE, v:1, k:poo@grafite, mode:PICK
2025-10-22 16:52:16, MOVE, v:1, k:poo@grafite, mode:PICK
2025-10-22 16:55:20, MOVE, v:1, k:poo@grafite, mode:PICK
2025-10-22 16:55:25, EXEC, v:1, k:poo@grafite, mode:FULL, rate:20, size:109
2025-10-22 16:56:21, EXEC, v:1, k:poo@grafite, mode:FULL, rate:60, size:109
2025-10-22 16:57:28, EXEC, v:1, k:poo@grafite, mode:FULL, rate:70, size:109
2025-10-22 17:01:25, MOVE, v:1, k:poo@grafite, mode:BACK
